Determining if the pthread_create exist failed with the following output:
Change Dir: /home/tawfiq/matrix_transform/build/CMakeFiles/CMakeTmp

Run Build Command:"/usr/bin/make" "cmTC_fd85e/fast"
/usr/bin/make -f CMakeFiles/cmTC_fd85e.dir/build.make CMakeFiles/cmTC_fd85e.dir/build
make[1]: Entering directory '/home/tawfiq/matrix_transform/build/CMakeFiles/CMakeTmp'
Building C object CMakeFiles/cmTC_fd85e.dir/CheckSymbolExists.c.o
/usr/bin/cc     -o CMakeFiles/cmTC_fd85e.dir/CheckSymbolExists.c.o   -c /home/tawfiq/matrix_transform/build/CMakeFiles/CMakeTmp/CheckSymbolExists.c
Linking C executable cmTC_fd85e
/usr/bin/cmake -E cmake_link_script CMakeFiles/cmTC_fd85e.dir/link.txt --verbose=1
/usr/bin/cc       CMakeFiles/cmTC_fd85e.dir/CheckSymbolExists.c.o  -o cmTC_fd85e -rdynamic 
CMakeFiles/cmTC_fd85e.dir/CheckSymbolExists.c.o: In function `main':
CheckSymbolExists.c:(.text+0x16): undefined reference to `pthread_create'
collect2: error: ld returned 1 exit status
CMakeFiles/cmTC_fd85e.dir/build.make:97: recipe for target 'cmTC_fd85e' failed
make[1]: *** [cmTC_fd85e] Error 1
make[1]: Leaving directory '/home/tawfiq/matrix_transform/build/CMakeFiles/CMakeTmp'
Makefile:126: recipe for target 'cmTC_fd85e/fast' failed
make: *** [cmTC_fd85e/fast] Error 2

File /home/tawfiq/matrix_transform/build/CMakeFiles/CMakeTmp/CheckSymbolExists.c:
/* */
#include <pthread.h>

int main(int argc, char** argv)
{
  (void)argv;
#ifndef pthread_create
  return ((int*)(&pthread_create))[argc];
#else
  (void)argc;
  return 0;
#endif
}

Determining if the function pthread_create exists in the pthreads failed with the following output:
Change Dir: /home/tawfiq/matrix_transform/build/CMakeFiles/CMakeTmp

Run Build Command:"/usr/bin/make" "cmTC_6dd1d/fast"
/usr/bin/make -f CMakeFiles/cmTC_6dd1d.dir/build.make CMakeFiles/cmTC_6dd1d.dir/build
make[1]: Entering directory '/home/tawfiq/matrix_transform/build/CMakeFiles/CMakeTmp'
Building C object CMakeFiles/cmTC_6dd1d.dir/CheckFunctionExists.c.o
/usr/bin/cc    -DCHECK_FUNCTION_EXISTS=pthread_create   -o CMakeFiles/cmTC_6dd1d.dir/CheckFunctionExists.c.o   -c /usr/share/cmake-3.5/Modules/CheckFunctionExists.c
Linking C executable cmTC_6dd1d
/usr/bin/cmake -E cmake_link_script CMakeFiles/cmTC_6dd1d.dir/link.txt --verbose=1
/usr/bin/cc   -DCHECK_FUNCTION_EXISTS=pthread_create    CMakeFiles/cmTC_6dd1d.dir/CheckFunctionExists.c.o  -o cmTC_6dd1d -rdynamic -lpthreads 
/usr/bin/ld: cannot find -lpthreads
collect2: error: ld returned 1 exit status
CMakeFiles/cmTC_6dd1d.dir/build.make:97: recipe for target 'cmTC_6dd1d' failed
make[1]: *** [cmTC_6dd1d] Error 1
make[1]: Leaving directory '/home/tawfiq/matrix_transform/build/CMakeFiles/CMakeTmp'
Makefile:126: recipe for target 'cmTC_6dd1d/fast' failed
make: *** [cmTC_6dd1d/fast] Error 2


